

*******************************************************************************
Fri Oct  7 14:30:16 2022


FIT:    data read from "tiempos_mergesort.dat"
        format = z
        #datapoints = 60
        residuals are weighted equally (unit weight)

function used for fitting: f(x)
	f(x)=a*x*log(x)
fitted parameters initialized with current variable values

iter      chisq       delta/lim  lambda   a            
   0 1.7645516208e+12   0.00e+00  1.71e+05    1.000000e+00
   5 1.7468233159e-06   0.00e+00  1.71e+00    1.180694e-08

After 5 iterations the fit converged.
final sum of squares of residuals : 1.74682e-06
rel. change during last iteration : 0

degrees of freedom    (FIT_NDF)                        : 59
rms of residuals      (FIT_STDFIT) = sqrt(WSSR/ndf)    : 0.000172067
variance of residuals (reduced chisquare) = WSSR/ndf   : 2.96072e-08

Final set of parameters            Asymptotic Standard Error
=======================            ==========================
a               = 1.18069e-08      +/- 1.295e-10    (1.097%)
